<?xml version="1.0" encoding="UTF-8"?>
<coverage generated="1764029372470" clover="3.2.0">
  <project timestamp="1764029372471" name="All files">
    <metrics statements="27" coveredstatements="27" conditionals="16" coveredconditionals="16" methods="10" coveredmethods="10" elements="53" coveredelements="53" complexity="0" loc="27" ncloc="27" packages="1" files="5" classes="5"/>
    <file name="Checklist.tsx" path="C:\Users\user\coding\react-learning\unit-test-and-react-test-lib\src\Checklist\Checklist.tsx">
      <metrics statements="10" coveredstatements="10" conditionals="4" coveredconditionals="4" methods="2" coveredmethods="2"/>
      <line num="27" count="8" type="stmt"/>
      <line num="31" count="8" type="stmt"/>
      <line num="34" count="8" type="stmt"/>
      <line num="35" count="8" type="stmt"/>
      <line num="36" count="8" type="cond" truecount="2" falsecount="0"/>
      <line num="37" count="1" type="stmt"/>
      <line num="39" count="7" type="stmt"/>
      <line num="40" count="7" type="stmt"/>
      <line num="41" count="7" type="stmt"/>
      <line num="42" count="7" type="stmt"/>
    </file>
    <file name="assertValueCanBeRendered.ts" path="C:\Users\user\coding\react-learning\unit-test-and-react-test-lib\src\Checklist\assertValueCanBeRendered.ts">
      <metrics statements="2" coveredstatements="2" conditionals="4" coveredconditionals="4" methods="1" coveredmethods="1"/>
      <line num="4" count="18" type="cond" truecount="4" falsecount="0"/>
      <line num="5" count="1" type="stmt"/>
    </file>
    <file name="getNewCheckedIds.ts" path="C:\Users\user\coding\react-learning\unit-test-and-react-test-lib\src\Checklist\getNewCheckedIds.ts">
      <metrics statements="3" coveredstatements="3" conditionals="2" coveredconditionals="2" methods="2" coveredmethods="2"/>
      <line num="5" count="3" type="cond" truecount="2" falsecount="0"/>
      <line num="6" count="1" type="stmt"/>
      <line num="8" count="2" type="stmt"/>
    </file>
    <file name="isChecked.ts" path="C:\Users\user\coding\react-learning\unit-test-and-react-test-lib\src\Checklist\isChecked.ts">
      <metrics statements="1" coveredstatements="1" conditionals="0" coveredconditionals="0" methods="1" coveredmethods="1"/>
      <line num="4" count="13" type="stmt"/>
    </file>
    <file name="useChecked.ts" path="C:\Users\user\coding\react-learning\unit-test-and-react-test-lib\src\Checklist\useChecked.ts">
      <metrics statements="11" coveredstatements="11" conditionals="6" coveredconditionals="6" methods="4" coveredmethods="4"/>
      <line num="10" count="8" type="cond" truecount="2" falsecount="0"/>
      <line num="12" count="8" type="stmt"/>
      <line num="13" count="3" type="stmt"/>
      <line num="14" count="3" type="cond" truecount="2" falsecount="0"/>
      <line num="15" count="1" type="stmt"/>
      <line num="17" count="3" type="stmt"/>
      <line num="20" count="8" type="stmt"/>
      <line num="21" count="5" type="stmt"/>
      <line num="22" count="5" type="cond" truecount="2" falsecount="0"/>
      <line num="23" count="1" type="stmt"/>
      <line num="27" count="8" type="stmt"/>
    </file>
  </project>
</coverage>
